<?xml version="1.0" encoding="UTF-8"?>
<testsuite xmlns:xsi="http://www.w3.org/2001/XMLSchema-instance" xsi:noNamespaceSchemaLocation="https://maven.apache.org/surefire/maven-surefire-plugin/xsd/surefire-test-report.xsd" name="com.tensquare.test.ProductTest" time="5.219" tests="3" errors="0" skipped="0" failures="0">
  <properties>
[...]
</properties>
  <testcase name="sendMsg1" classname="com.tensquare.test.ProductTest" time="0.192"/>
  <testcase name="sendMsg2" classname="com.tensquare.test.ProductTest" time="0.006"/>
  <testcase name="sendMsg3" classname="com.tensquare.test.ProductTest" time="0.006"/>
</testsuite>